# JRE version: Java(TM) SE Runtime Environment (8.0_40-b26) (build 1.8.0_40-b26)
# Java VM: Java HotSpot(TM) 64-Bit Server VM (25.40-b25 mixed mode linux-amd64 compressed oops)
Heap:
 PSYoungGen      total 62976K, used 7142K [0x00000000eab00000, 0x00000000ef100000, 0x0000000100000000)
  eden space 55808K, 0% used [0x00000000eab00000,0x00000000eab00000,0x00000000ee180000)
  from space 7168K, 99% used [0x00000000ee180000,0x00000000ee879918,0x00000000ee880000)
  to   space 5632K, 0% used [0x00000000ee880000,0x00000000ee880000,0x00000000eee00000)
 ParOldGen       total 36864K, used 20950K [0x00000000c0000000, 0x00000000c2400000, 0x00000000eab00000)
  object space 36864K, 56% used [0x00000000c0000000,0x00000000c1475bc0,0x00000000c2400000)
 Metaspace       used 5835K, capacity 7024K, committed 7296K, reserved 1056768K
  class space    used 563K, capacity 616K, committed 640K, reserved 1048576K
GC Heap History (10 events):
Event: 5.105 GC heap after
Heap after GC invocations=2 (full 0):
 PSYoungGen      total 16384K, used 2028K [0x00000000eab00000, 0x00000000ecb00000, 0x0000000100000000)
  eden space 14336K, 0% used [0x00000000eab00000,0x00000000eab00000,0x00000000eb900000)
  from space 2048K, 99% used [0x00000000ebb00000,0x00000000ebcfb268,0x00000000ebd00000)
  to   space 2048K, 0% used [0x00000000eb900000,0x00000000eb900000,0x00000000ebb00000)
 ParOldGen       total 36864K, used 3843K [0x00000000c0000000, 0x00000000c2400000, 0x00000000eab00000)
  object space 36864K, 10% used [0x00000000c0000000,0x00000000c03c0fb0,0x00000000c2400000)
 Metaspace       used 5487K, capacity 6768K, committed 7040K, reserved 1056768K
  class space    used 538K, capacity 616K, committed 640K, reserved 1048576K
}
Event: 6.121 GC heap before
{Heap before GC invocations=3 (full 0):
 PSYoungGen      total 16384K, used 16364K [0x00000000eab00000, 0x00000000ecb00000, 0x0000000100000000)
  eden space 14336K, 100% used [0x00000000eab00000,0x00000000eb900000,0x00000000eb900000)
  from space 2048K, 99% used [0x00000000ebb00000,0x00000000ebcfb268,0x00000000ebd00000)
  to   space 2048K, 0% used [0x00000000eb900000,0x00000000eb900000,0x00000000ebb00000)
 ParOldGen       total 36864K, used 3843K [0x00000000c0000000, 0x00000000c2400000, 0x00000000eab00000)
  object space 36864K, 10% used [0x00000000c0000000,0x00000000c03c0fb0,0x00000000c2400000)
 Metaspace       used 5610K, capacity 6896K, committed 7040K, reserved 1056768K
  class space    used 542K, capacity 616K, committed 640K, reserved 1048576K
Event: 6.139 GC heap after
Heap after GC invocations=3 (full 0):
 PSYoungGen      total 16384K, used 2043K [0x00000000eab00000, 0x00000000ecb00000, 0x0000000100000000)
  eden space 14336K, 0% used [0x00000000eab00000,0x00000000eab00000,0x00000000eb900000)
  from space 2048K, 99% used [0x00000000eb900000,0x00000000ebafec88,0x00000000ebb00000)
  to   space 2048K, 0% used [0x00000000ec900000,0x00000000ec900000,0x00000000ecb00000)
 ParOldGen       total 36864K, used 5983K [0x00000000c0000000, 0x00000000c2400000, 0x00000000eab00000)
  object space 36864K, 16% used [0x00000000c0000000,0x00000000c05d7d78,0x00000000c2400000)
 Metaspace       used 5610K, capacity 6896K, committed 7040K, reserved 1056768K
  class space    used 542K, capacity 616K, committed 640K, reserved 1048576K
}
Event: 6.372 GC heap before
{Heap before GC invocations=4 (full 0):
 PSYoungGen      total 16384K, used 16379K [0x00000000eab00000, 0x00000000ecb00000, 0x0000000100000000)
  eden space 14336K, 100% used [0x00000000eab00000,0x00000000eb900000,0x00000000eb900000)
  from space 2048K, 99% used [0x00000000eb900000,0x00000000ebafec88,0x00000000ebb00000)
  to   space 2048K, 0% used [0x00000000ec900000,0x00000000ec900000,0x00000000ecb00000)
 ParOldGen       total 36864K, used 5983K [0x00000000c0000000, 0x00000000c2400000, 0x00000000eab00000)
  object space 36864K, 16% used [0x00000000c0000000,0x00000000c05d7d78,0x00000000c2400000)
 Metaspace       used 5632K, capacity 6896K, committed 7040K, reserved 1056768K
  class space    used 543K, capacity 616K, committed 640K, reserved 1048576K
Event: 6.611 GC heap after
Heap after GC invocations=4 (full 0):
 PSYoungGen      total 30720K, used 2032K [0x00000000eab00000, 0x00000000ecb00000, 0x0000000100000000)
  eden space 28672K, 0% used [0x00000000eab00000,0x00000000eab00000,0x00000000ec700000)
  from space 2048K, 99% used [0x00000000ec900000,0x00000000ecafc0f8,0x00000000ecb00000)
  to   space 2048K, 0% used [0x00000000ec700000,0x00000000ec700000,0x00000000ec900000)
 ParOldGen       total 36864K, used 8402K [0x00000000c0000000, 0x00000000c2400000, 0x00000000eab00000)
  object space 36864K, 22% used [0x00000000c0000000,0x00000000c0834a60,0x00000000c2400000)
 Metaspace       used 5632K, capacity 6896K, committed 7040K, reserved 1056768K
  class space    used 543K, capacity 616K, committed 640K, reserved 1048576K
}
Event: 8.157 GC heap before
{Heap before GC invocations=5 (full 0):
 PSYoungGen      total 30720K, used 30704K [0x00000000eab00000, 0x00000000ecb00000, 0x0000000100000000)
  eden space 28672K, 100% used [0x00000000eab00000,0x00000000ec700000,0x00000000ec700000)
  from space 2048K, 99% used [0x00000000ec900000,0x00000000ecafc0f8,0x00000000ecb00000)
  to   space 2048K, 0% used [0x00000000ec700000,0x00000000ec700000,0x00000000ec900000)
 ParOldGen       total 36864K, used 8402K [0x00000000c0000000, 0x00000000c2400000, 0x00000000eab00000)
  object space 36864K, 22% used [0x00000000c0000000,0x00000000c0834a60,0x00000000c2400000)
 Metaspace       used 5764K, capacity 6960K, committed 7040K, reserved 1056768K
  class space    used 562K, capacity 616K, committed 640K, reserved 1048576K
Event: 8.215 GC heap after
Heap after GC invocations=5 (full 0):
 PSYoungGen      total 30720K, used 2019K [0x00000000eab00000, 0x00000000eee00000, 0x0000000100000000)
  eden space 28672K, 0% used [0x00000000eab00000,0x00000000eab00000,0x00000000ec700000)
  from space 2048K, 98% used [0x00000000ec700000,0x00000000ec8f8d28,0x00000000ec900000)
  to   space 5632K, 0% used [0x00000000ee880000,0x00000000ee880000,0x00000000eee00000)
 ParOldGen       total 36864K, used 12142K [0x00000000c0000000, 0x00000000c2400000, 0x00000000eab00000)
  object space 36864K, 32% used [0x00000000c0000000,0x00000000c0bdba28,0x00000000c2400000)
 Metaspace       used 5764K, capacity 6960K, committed 7040K, reserved 1056768K
  class space    used 562K, capacity 616K, committed 640K, reserved 1048576K
}
Event: 9.697 GC heap before
{Heap before GC invocations=6 (full 0):
 PSYoungGen      total 30720K, used 30691K [0x00000000eab00000, 0x00000000eee00000, 0x0000000100000000)
  eden space 28672K, 100% used [0x00000000eab00000,0x00000000ec700000,0x00000000ec700000)
  from space 2048K, 98% used [0x00000000ec700000,0x00000000ec8f8d28,0x00000000ec900000)
  to   space 5632K, 0% used [0x00000000ee880000,0x00000000ee880000,0x00000000eee00000)
 ParOldGen       total 36864K, used 12142K [0x00000000c0000000, 0x00000000c2400000, 0x00000000eab00000)
  object space 36864K, 32% used [0x00000000c0000000,0x00000000c0bdba28,0x00000000c2400000)
 Metaspace       used 5802K, capacity 6960K, committed 7040K, reserved 1056768K
  class space    used 562K, capacity 616K, committed 640K, reserved 1048576K
Event: 10.173 GC heap after
Heap after GC invocations=6 (full 0):
 PSYoungGen      total 61440K, used 5629K [0x00000000eab00000, 0x00000000ef100000, 0x0000000100000000)
  eden space 55808K, 0% used [0x00000000eab00000,0x00000000eab00000,0x00000000ee180000)
  from space 5632K, 99% used [0x00000000ee880000,0x00000000eedff498,0x00000000eee00000)
  to   space 7168K, 0% used [0x00000000ee180000,0x00000000ee180000,0x00000000ee880000)
 ParOldGen       total 36864K, used 13348K [0x00000000c0000000, 0x00000000c2400000, 0x00000000eab00000)
  object space 36864K, 36% used [0x00000000c0000000,0x00000000c0d09120,0x00000000c2400000)
 Metaspace       used 5802K, capacity 6960K, committed 7040K, reserved 1056768K
  class space    used 562K, capacity 616K, committed 640K, reserved 1048576K
}
Event: 12.187 GC heap before
{Heap before GC invocations=7 (full 0):
 PSYoungGen      total 61440K, used 61437K [0x00000000eab00000, 0x00000000ef100000, 0x0000000100000000)
  eden space 55808K, 100% used [0x00000000eab00000,0x00000000ee180000,0x00000000ee180000)
  from space 5632K, 99% used [0x00000000ee880000,0x00000000eedff498,0x00000000eee00000)
  to   space 7168K, 0% used [0x00000000ee180000,0x00000000ee180000,0x00000000ee880000)
 ParOldGen       total 36864K, used 13348K [0x00000000c0000000, 0x00000000c2400000, 0x00000000eab00000)
  object space 36864K, 36% used [0x00000000c0000000,0x00000000c0d09120,0x00000000c2400000)
 Metaspace       used 5835K, capacity 7024K, committed 7296K, reserved 1056768K
  class space    used 563K, capacity 616K, committed 640K, reserved 1048576K

